----------------------------------------------------------------
Sun Sep 27 14:07:49 CEST 2015:
Booting Derby version The Apache Software Foundation - Apache Derby - 10.9.1.0 - (1344872): instance a816c00e-0150-0eb3-b505-00000e4e2460 
on database directory /private/var/folders/83/r_97dhb514b9wc673ptmhw1w0000gn/T/gfembed1631523064052208674tmp/lib/databases/embedded_default  with class loader sun.misc.Launcher$AppClassLoader@6bc7c054 
Loaded from file:/Users/poutsjr/.m2/repository/org/glassfish/main/extras/glassfish-embedded-all/4.0/glassfish-embedded-all-4.0.jar
java.vendor=Oracle Corporation
java.runtime.version=1.8.0_40-b27
user.dir=/Users/poutsjr/workspace/javaee7-correction/chapitre2/chapitre2-samples
derby.system.home=null
Database Class Loader started - derby.database.classpath=''
----------------------------------------------------------------
Sun Sep 27 14:07:55 CEST 2015:
Booting Derby version The Apache Software Foundation - Apache Derby - 10.9.1.0 - (1344872): instance 90478154-0150-0eb3-b505-00000e4e2460 
on database directory /private/var/folders/83/r_97dhb514b9wc673ptmhw1w0000gn/T/gfembed2885102287305352560tmp/lib/databases/embedded_default  with class loader sun.misc.Launcher$AppClassLoader@6bc7c054 
Loaded from file:/Users/poutsjr/.m2/repository/org/glassfish/main/extras/glassfish-embedded-all/4.0/glassfish-embedded-all-4.0.jar
java.vendor=Oracle Corporation
java.runtime.version=1.8.0_40-b27
user.dir=/Users/poutsjr/workspace/javaee7-correction/chapitre2/chapitre2-samples
derby.system.home=null
Database Class Loader started - derby.database.classpath=''
----------------------------------------------------------------
Sun Sep 27 14:07:56 CEST 2015:
Booting Derby version The Apache Software Foundation - Apache Derby - 10.9.1.0 - (1344872): instance 2c5f8294-0150-0eb3-b505-00000e4e2460 
on database directory /private/var/folders/83/r_97dhb514b9wc673ptmhw1w0000gn/T/gfembed1434447462957748317tmp/lib/databases/embedded_default  with class loader sun.misc.Launcher$AppClassLoader@6bc7c054 
Loaded from file:/Users/poutsjr/.m2/repository/org/glassfish/main/extras/glassfish-embedded-all/4.0/glassfish-embedded-all-4.0.jar
java.vendor=Oracle Corporation
java.runtime.version=1.8.0_40-b27
user.dir=/Users/poutsjr/workspace/javaee7-correction/chapitre2/chapitre2-samples
derby.system.home=null
Database Class Loader started - derby.database.classpath=''
----------------------------------------------------------------
Sun Sep 27 14:07:57 CEST 2015:
Booting Derby version The Apache Software Foundation - Apache Derby - 10.9.1.0 - (1344872): instance 2c7783d4-0150-0eb3-b505-00000e4e2460 
on database directory /private/var/folders/83/r_97dhb514b9wc673ptmhw1w0000gn/T/gfembed2276396478984171994tmp/lib/databases/embedded_default  with class loader sun.misc.Launcher$AppClassLoader@6bc7c054 
Loaded from file:/Users/poutsjr/.m2/repository/org/glassfish/main/extras/glassfish-embedded-all/4.0/glassfish-embedded-all-4.0.jar
java.vendor=Oracle Corporation
java.runtime.version=1.8.0_40-b27
user.dir=/Users/poutsjr/workspace/javaee7-correction/chapitre2/chapitre2-samples
derby.system.home=null
Database Class Loader started - derby.database.classpath=''
----------------------------------------------------------------
Sun Sep 27 14:07:58 CEST 2015:
Booting Derby version The Apache Software Foundation - Apache Derby - 10.9.1.0 - (1344872): instance 908f8514-0150-0eb3-b505-00000e4e2460 
on database directory /private/var/folders/83/r_97dhb514b9wc673ptmhw1w0000gn/T/gfembed4181007017752677048tmp/lib/databases/embedded_default  with class loader sun.misc.Launcher$AppClassLoader@6bc7c054 
Loaded from file:/Users/poutsjr/.m2/repository/org/glassfish/main/extras/glassfish-embedded-all/4.0/glassfish-embedded-all-4.0.jar
java.vendor=Oracle Corporation
java.runtime.version=1.8.0_40-b27
user.dir=/Users/poutsjr/workspace/javaee7-correction/chapitre2/chapitre2-samples
derby.system.home=null
Database Class Loader started - derby.database.classpath=''
----------------------------------------------------------------
Sun Sep 27 14:07:59 CEST 2015:
Booting Derby version The Apache Software Foundation - Apache Derby - 10.9.1.0 - (1344872): instance 58a78654-0150-0eb3-b505-00000e4e2460 
on database directory /private/var/folders/83/r_97dhb514b9wc673ptmhw1w0000gn/T/gfembed5225404424011327991tmp/lib/databases/embedded_default  with class loader sun.misc.Launcher$AppClassLoader@6bc7c054 
Loaded from file:/Users/poutsjr/.m2/repository/org/glassfish/main/extras/glassfish-embedded-all/4.0/glassfish-embedded-all-4.0.jar
java.vendor=Oracle Corporation
java.runtime.version=1.8.0_40-b27
user.dir=/Users/poutsjr/workspace/javaee7-correction/chapitre2/chapitre2-samples
derby.system.home=null
Database Class Loader started - derby.database.classpath=''
----------------------------------------------------------------
Sun Sep 27 14:08:00 CEST 2015:
Booting Derby version The Apache Software Foundation - Apache Derby - 10.9.1.0 - (1344872): instance 84bf8794-0150-0eb3-b505-00000e4e2460 
on database directory /private/var/folders/83/r_97dhb514b9wc673ptmhw1w0000gn/T/gfembed1263794060342711295tmp/lib/databases/embedded_default  with class loader sun.misc.Launcher$AppClassLoader@6bc7c054 
Loaded from file:/Users/poutsjr/.m2/repository/org/glassfish/main/extras/glassfish-embedded-all/4.0/glassfish-embedded-all-4.0.jar
java.vendor=Oracle Corporation
java.runtime.version=1.8.0_40-b27
user.dir=/Users/poutsjr/workspace/javaee7-correction/chapitre2/chapitre2-samples
derby.system.home=null
Database Class Loader started - derby.database.classpath=''
----------------------------------------------------------------
Sun Sep 27 14:08:01 CEST 2015:
Booting Derby version The Apache Software Foundation - Apache Derby - 10.9.1.0 - (1344872): instance 14d788d4-0150-0eb3-b505-00000e4e2460 
on database directory /private/var/folders/83/r_97dhb514b9wc673ptmhw1w0000gn/T/gfembed2482452478171139691tmp/lib/databases/embedded_default  with class loader sun.misc.Launcher$AppClassLoader@6bc7c054 
Loaded from file:/Users/poutsjr/.m2/repository/org/glassfish/main/extras/glassfish-embedded-all/4.0/glassfish-embedded-all-4.0.jar
java.vendor=Oracle Corporation
java.runtime.version=1.8.0_40-b27
user.dir=/Users/poutsjr/workspace/javaee7-correction/chapitre2/chapitre2-samples
derby.system.home=null
Database Class Loader started - derby.database.classpath=''
----------------------------------------------------------------
Sun Sep 27 14:08:02 CEST 2015:
Booting Derby version The Apache Software Foundation - Apache Derby - 10.9.1.0 - (1344872): instance 08ef8a14-0150-0eb3-b505-00000e4e2460 
on database directory /private/var/folders/83/r_97dhb514b9wc673ptmhw1w0000gn/T/gfembed2977131715243421146tmp/lib/databases/embedded_default  with class loader sun.misc.Launcher$AppClassLoader@6bc7c054 
Loaded from file:/Users/poutsjr/.m2/repository/org/glassfish/main/extras/glassfish-embedded-all/4.0/glassfish-embedded-all-4.0.jar
java.vendor=Oracle Corporation
java.runtime.version=1.8.0_40-b27
user.dir=/Users/poutsjr/workspace/javaee7-correction/chapitre2/chapitre2-samples
derby.system.home=null
Database Class Loader started - derby.database.classpath=''
----------------------------------------------------------------
Sun Sep 27 14:08:03 CEST 2015:
Booting Derby version The Apache Software Foundation - Apache Derby - 10.9.1.0 - (1344872): instance 61078b54-0150-0eb3-b505-00000e4e2460 
on database directory /private/var/folders/83/r_97dhb514b9wc673ptmhw1w0000gn/T/gfembed6541776224731501004tmp/lib/databases/embedded_default  with class loader sun.misc.Launcher$AppClassLoader@6bc7c054 
Loaded from file:/Users/poutsjr/.m2/repository/org/glassfish/main/extras/glassfish-embedded-all/4.0/glassfish-embedded-all-4.0.jar
java.vendor=Oracle Corporation
java.runtime.version=1.8.0_40-b27
user.dir=/Users/poutsjr/workspace/javaee7-correction/chapitre2/chapitre2-samples
derby.system.home=null
Database Class Loader started - derby.database.classpath=''
----------------------------------------------------------------
Sun Sep 27 14:08:04 CEST 2015:
Booting Derby version The Apache Software Foundation - Apache Derby - 10.9.1.0 - (1344872): instance 1d1f8c94-0150-0eb3-b505-00000e4e2460 
on database directory /private/var/folders/83/r_97dhb514b9wc673ptmhw1w0000gn/T/gfembed1944689795184935892tmp/lib/databases/embedded_default  with class loader sun.misc.Launcher$AppClassLoader@6bc7c054 
Loaded from file:/Users/poutsjr/.m2/repository/org/glassfish/main/extras/glassfish-embedded-all/4.0/glassfish-embedded-all-4.0.jar
java.vendor=Oracle Corporation
java.runtime.version=1.8.0_40-b27
user.dir=/Users/poutsjr/workspace/javaee7-correction/chapitre2/chapitre2-samples
derby.system.home=null
Database Class Loader started - derby.database.classpath=''
